<?xml version="1.0" encoding="UTF-8"?>
<testsuite xmlns:xsi="http://www.w3.org/2001/XMLSchema-instance" xsi:noNamespaceSchemaLocation="https://maven.apache.org/surefire/maven-surefire-plugin/xsd/surefire-test-report-3.0.xsd" version="3.0" name="com.example.CalculatorAAATest" time="0.206" tests="4" errors="0" skipped="0" failures="0">
  <properties>
    <property name="java.specification.version" value="22"/>
    <property name="sun.cpu.isalist" value="amd64"/>
    <property name="sun.jnu.encoding" value="Cp1252"/>
    <property name="java.class.path" value="C:\Users\india\eclipse-workspace\UnitJSetup\target\test-classes;C:\Users\india\eclipse-workspace\UnitJSetup\target\classes;C:\Users\india\.m2\repository\junit\junit\4.13.2\junit-4.13.2.jar;C:\Users\india\.m2\repository\org\hamcrest\hamcrest-core\1.3\hamcrest-core-1.3.jar;"/>
    <property name="java.vm.vendor" value="Oracle Corporation"/>
    <property name="sun.arch.data.model" value="64"/>
    <property name="user.variant" value=""/>
    <property name="java.vendor.url" value="https://java.oracle.com/"/>
    <property name="user.timezone" value="Asia/Calcutta"/>
    <property name="os.name" value="Windows 11"/>
    <property name="java.vm.specification.version" value="22"/>
    <property name="sun.java.launcher" value="SUN_STANDARD"/>
    <property name="user.country" value="IN"/>
    <property name="sun.boot.library.path" value="C:\Program Files\Java\jdk-22\bin"/>
    <property name="sun.java.command" value="C:\Users\india\AppData\Local\Temp\surefire5800479856706929351\surefirebooter-20250627225306565_3.jar C:\Users\india\AppData\Local\Temp\surefire5800479856706929351 2025-06-27T22-53-06_076-jvmRun1 surefire-20250627225306565_1tmp surefire_0-20250627225306565_2tmp"/>
    <property name="jdk.debug" value="release"/>
    <property name="test" value="CalculatorAAATest"/>
    <property name="surefire.test.class.path" value="C:\Users\india\eclipse-workspace\UnitJSetup\target\test-classes;C:\Users\india\eclipse-workspace\UnitJSetup\target\classes;C:\Users\india\.m2\repository\junit\junit\4.13.2\junit-4.13.2.jar;C:\Users\india\.m2\repository\org\hamcrest\hamcrest-core\1.3\hamcrest-core-1.3.jar;"/>
    <property name="sun.cpu.endian" value="little"/>
    <property name="user.home" value="C:\Users\india"/>
    <property name="user.language" value="en"/>
    <property name="java.specification.vendor" value="Oracle Corporation"/>
    <property name="java.version.date" value="2024-04-16"/>
    <property name="java.home" value="C:\Program Files\Java\jdk-22"/>
    <property name="file.separator" value="\"/>
    <property name="basedir" value="C:\Users\india\eclipse-workspace\UnitJSetup"/>
    <property name="java.vm.compressedOopsMode" value="32-bit"/>
    <property name="line.separator" value="&#10;"/>
    <property name="java.vm.specification.vendor" value="Oracle Corporation"/>
    <property name="java.specification.name" value="Java Platform API Specification"/>
    <property name="surefire.real.class.path" value="C:\Users\india\AppData\Local\Temp\surefire5800479856706929351\surefirebooter-20250627225306565_3.jar"/>
    <property name="user.script" value=""/>
    <property name="sun.management.compiler" value="HotSpot 64-Bit Tiered Compilers"/>
    <property name="java.runtime.version" value="22.0.1+8-16"/>
    <property name="user.name" value="india"/>
    <property name="stdout.encoding" value="Cp1252"/>
    <property name="path.separator" value=";"/>
    <property name="os.version" value="10.0"/>
    <property name="java.runtime.name" value="Java(TM) SE Runtime Environment"/>
    <property name="file.encoding" value="UTF-8"/>
    <property name="java.vm.name" value="Java HotSpot(TM) 64-Bit Server VM"/>
    <property name="localRepository" value="C:\Users\india\.m2\repository"/>
    <property name="java.vendor.url.bug" value="https://bugreport.java.com/bugreport/"/>
    <property name="java.io.tmpdir" value="C:\Users\india\AppData\Local\Temp\"/>
    <property name="java.version" value="22.0.1"/>
    <property name="user.dir" value="C:\Users\india\eclipse-workspace\UnitJSetup"/>
    <property name="os.arch" value="amd64"/>
    <property name="java.vm.specification.name" value="Java Virtual Machine Specification"/>
    <property name="sun.os.patch.level" value=""/>
    <property name="native.encoding" value="Cp1252"/>
    <property name="java.library.path" value="C:\Program Files\Java\jdk-22\bin;C:\WINDOWS\Sun\Java\bin;C:\WINDOWS\system32;C:\WINDOWS;C:/Program Files/Java/jdk-21/bin/server;C:/Program Files/Java/jdk-21/bin;C:\app\india\product\21c\dbhomeXE\bin;C:\Program Files\Python313\Scripts\;C:\Program Files\Python313\;C:\Program Files\Common Files\Oracle\Java\javapath;C:\Program Files (x86)\Common Files\Oracle\Java\java8path;C:\Program Files (x86)\Common Files\Oracle\Java\javapath;C:\WINDOWS\system32;C:\WINDOWS;C:\WINDOWS\System32\Wbem;C:\WINDOWS\System32\WindowsPowerShell\v1.0\;C:\WINDOWS\System32\OpenSSH\;C:\Program Files\dotnet\;C:\Program Files\Java\jdk-22\bin;C:\Program Files\Git\cmd;C:\Program Files\nodejs\;C:\Users\india\Downloads\mongosh-2.5.0-win32-x64\mongosh-2.5.0-win32-x64\bin;C:\Users\india\AppData\Local\Programs\Ollama;D:\apache-maven-3.9.9\apache-maven-3.9.9\bin;C:\Ruby33-x64\bin;D:\kotlinc\bin;C:\Program Files (x86)\Windows Kits\10\Windows Performance Toolkit\;C:\Users\india\Downloads\instantclient-basic-windows.x64-23.8.0.25.04;C:\Program Files\Java\jdk-22\bin;%MAVEN_HOME%\bin;C:\Ruby33-x64\bin;C:\Program Files\MySQL\MySQL Shell 8.0\bin\;C:\Users\india\AppData\Local\Programs\Python\Python37\Scripts\;C:\Users\india\AppData\Local\Programs\Python\Python37\;C:\Users\india\AppData\Local\Microsoft\WindowsApps;C:\MinGW\bin;C:\Users\india\AppData\Local\Programs\Python\Python37\Scripts;C:\Program Files\Java\jdk1.8.0_291\bin;C:\Program Files\sfdx\bin;C:\Program Files\nodejs;C:\Users\india\.dotnet\tools;C:\Windows\Microsoft.NET\Framework64\v4.0.30319;C:\Users\india\AppData\Local\Microsoft\WindowsApps;C:\msys64\mingw64\bin;C:\Users\india\AppData\Local\Programs\Microsoft VS Code\bin;C:\src\flutter\bin;C:\ProgramData\india\GitHubDesktop\bin;C:\Users\india\AppData\Local\GitHubDesktop\bin;C:\Users\india\AppData\Roaming\npm;C:\Users\india\AppData\Local\Programs\Ollama;C:\WINDOWS\System32;;."/>
    <property name="java.vm.info" value="mixed mode, sharing"/>
    <property name="stderr.encoding" value="Cp1252"/>
    <property name="java.vendor" value="Oracle Corporation"/>
    <property name="java.vm.version" value="22.0.1+8-16"/>
    <property name="sun.io.unicode.encoding" value="UnicodeLittle"/>
    <property name="java.class.version" value="66.0"/>
  </properties>
  <testcase name="testMultiplication" classname="com.example.CalculatorAAATest" time="0.026">
    <system-out><![CDATA[Setup: Calculator instance created
Teardown: Calculator instance destroyed
]]></system-out>
  </testcase>
  <testcase name="testAddition" classname="com.example.CalculatorAAATest" time="0.004">
    <system-out><![CDATA[Setup: Calculator instance created
Teardown: Calculator instance destroyed
]]></system-out>
  </testcase>
  <testcase name="testDivision" classname="com.example.CalculatorAAATest" time="0.004">
    <system-out><![CDATA[Setup: Calculator instance created
Teardown: Calculator instance destroyed
]]></system-out>
  </testcase>
  <testcase name="testSubtraction" classname="com.example.CalculatorAAATest" time="0.005">
    <system-out><![CDATA[Setup: Calculator instance created
Teardown: Calculator instance destroyed
]]></system-out>
  </testcase>
</testsuite>